<?xml version='1.0' encoding='utf-8'?>
<testsuite name="regenera-data-platform" tests="77" failures="0" errors="0" time="0"><testcase name="test_access_streaming_warehouse.AccessTests.test_authorized" time="0" /><testcase name="test_access_streaming_warehouse.AccessTests.test_breakglass_self_approval" time="0" /><testcase name="test_access_streaming_warehouse.AccessTests.test_breakglass_too_long" time="0" /><testcase name="test_access_streaming_warehouse.AccessTests.test_breakglass_valid" time="0" /><testcase name="test_access_streaming_warehouse.AccessTests.test_expired" time="0" /><testcase name="test_access_streaming_warehouse.AccessTests.test_wrong_purpose" time="0" /><testcase name="test_access_streaming_warehouse.StreamingTests.test_commit_advances_offset" time="0" /><testcase name="test_access_streaming_warehouse.StreamingTests.test_failed_does_not_advance_offset" time="0" /><testcase name="test_access_streaming_warehouse.StreamingTests.test_payload_mismatch" time="0" /><testcase name="test_access_streaming_warehouse.StreamingTests.test_replay_returns_result" time="0" /><testcase name="test_access_streaming_warehouse.StreamingTests.test_unknown_blocks_retry" time="0" /><testcase name="test_access_streaming_warehouse.WarehouseTests.test_as_of" time="0" /><testcase name="test_access_streaming_warehouse.WarehouseTests.test_insert" time="0" /><testcase name="test_access_streaming_warehouse.WarehouseTests.test_new_version_closes_old" time="0" /><testcase name="test_access_streaming_warehouse.WarehouseTests.test_retroactive_rejected" time="0" /><testcase name="test_access_streaming_warehouse.WarehouseTests.test_same_value_returns_active" time="0" /><testcase name="test_finance_models_governance.FinanceTests.test_aggregate_by_currency" time="0" /><testcase name="test_finance_models_governance.FinanceTests.test_amount_break" time="0" /><testcase name="test_finance_models_governance.FinanceTests.test_currency_break" time="0" /><testcase name="test_finance_models_governance.FinanceTests.test_duplicate_rejected" time="0" /><testcase name="test_finance_models_governance.FinanceTests.test_equal_has_no_break" time="0" /><testcase name="test_finance_models_governance.FinanceTests.test_missing" time="0" /><testcase name="test_finance_models_governance.FinanceTests.test_unexpected" time="0" /><testcase name="test_finance_models_governance.GovernanceTests.test_approval_valid" time="0" /><testcase name="test_finance_models_governance.GovernanceTests.test_control_effective" time="0" /><testcase name="test_finance_models_governance.GovernanceTests.test_evidence_missing" time="0" /><testcase name="test_finance_models_governance.GovernanceTests.test_owner_missing" time="0" /><testcase name="test_finance_models_governance.GovernanceTests.test_review_expired" time="0" /><testcase name="test_finance_models_governance.GovernanceTests.test_self_approval_blocked" time="0" /><testcase name="test_finance_models_governance.GovernanceTests.test_signature_required" time="0" /><testcase name="test_finance_models_governance.ModelTests.test_hash_required" time="0" /><testcase name="test_finance_models_governance.ModelTests.test_metric_below_limit" time="0" /><testcase name="test_finance_models_governance.ModelTests.test_register_and_activate" time="0" /><testcase name="test_finance_models_governance.ModelTests.test_self_approval_blocked" time="0" /><testcase name="test_ingestion_quality.IngestionTests.test_commit" time="0" /><testcase name="test_ingestion_quality.IngestionTests.test_invalid_enters_quarantine" time="0" /><testcase name="test_ingestion_quality.IngestionTests.test_payload_mismatch_rejected" time="0" /><testcase name="test_ingestion_quality.IngestionTests.test_reconcile_unknown" time="0" /><testcase name="test_ingestion_quality.IngestionTests.test_replay_returns_original" time="0" /><testcase name="test_ingestion_quality.IngestionTests.test_unknown_blocks_retry" time="0" /><testcase name="test_ingestion_quality.IngestionTests.test_valid_enters_processing" time="0" /><testcase name="test_ingestion_quality.QualityTests.test_accepted" time="0" /><testcase name="test_ingestion_quality.QualityTests.test_blocking_fails" time="0" /><testcase name="test_ingestion_quality.QualityTests.test_clean_passes" time="0" /><testcase name="test_ingestion_quality.QualityTests.test_duplicate_rule_rejected" time="0" /><testcase name="test_ingestion_quality.QualityTests.test_freshness" time="0" /><testcase name="test_ingestion_quality.QualityTests.test_not_null" time="0" /><testcase name="test_ingestion_quality.QualityTests.test_unique" time="0" /><testcase name="test_lineage_privacy_retention.LineageTests.test_chain_valid" time="0" /><testcase name="test_lineage_privacy_retention.LineageTests.test_empty_chain_valid" time="0" /><testcase name="test_lineage_privacy_retention.LineageTests.test_tamper_detected" time="0" /><testcase name="test_lineage_privacy_retention.PrivacyTests.test_authorized" time="0" /><testcase name="test_lineage_privacy_retention.PrivacyTests.test_class_above_role" time="0" /><testcase name="test_lineage_privacy_retention.PrivacyTests.test_mask_document" time="0" /><testcase name="test_lineage_privacy_retention.PrivacyTests.test_mask_email" time="0" /><testcase name="test_lineage_privacy_retention.PrivacyTests.test_token_stable" time="0" /><testcase name="test_lineage_privacy_retention.PrivacyTests.test_weak_secret_rejected" time="0" /><testcase name="test_lineage_privacy_retention.PrivacyTests.test_wrong_purpose" time="0" /><testcase name="test_lineage_privacy_retention.RetentionTests.test_disposal_recorded" time="0" /><testcase name="test_lineage_privacy_retention.RetentionTests.test_early_disposal_blocked" time="0" /><testcase name="test_lineage_privacy_retention.RetentionTests.test_evidence_required" time="0" /><testcase name="test_lineage_privacy_retention.RetentionTests.test_legal_hold_blocks" time="0" /><testcase name="test_lineage_privacy_retention.RetentionTests.test_second_disposal_blocked" time="0" /><testcase name="test_money_contracts.ContractTests.test_breaking_change_requires_major" time="0" /><testcase name="test_money_contracts.ContractTests.test_duplicate_field_rejected" time="0" /><testcase name="test_money_contracts.ContractTests.test_missing_required" time="0" /><testcase name="test_money_contracts.ContractTests.test_optional_field_requires_minor" time="0" /><testcase name="test_money_contracts.ContractTests.test_published_version_immutable" time="0" /><testcase name="test_money_contracts.ContractTests.test_unknown_field" time="0" /><testcase name="test_money_contracts.ContractTests.test_valid_record" time="0" /><testcase name="test_money_contracts.ContractTests.test_wrong_type" time="0" /><testcase name="test_money_contracts.MoneyTests.test_bool_rejected" time="0" /><testcase name="test_money_contracts.MoneyTests.test_currency_rejected" time="0" /><testcase name="test_money_contracts.MoneyTests.test_float_rejected" time="0" /><testcase name="test_money_contracts.MoneyTests.test_integer_cents" time="0" /><testcase name="test_money_contracts.MoneyTests.test_mixed_currency_rejected" time="0" /><testcase name="test_money_contracts.MoneyTests.test_overflow_rejected" time="0" /></testsuite>